# JRE version: OpenJDK Runtime Environment Temurin-17.0.10+7 (17.0.10+7) (build 17.0.10+7)
# Java VM: OpenJDK 64-Bit Server VM Temurin-17.0.10+7 (17.0.10+7, mixed mode, emulated-client, tiered, compressed oops, compressed class ptrs, g1 gc, windows-amd64)
GC Precious Log:
 CPUs: 8 total, 8 available
 Memory: 6020M
 Large Page Support: Disabled
 NUMA Support: Disabled
 Compressed Oops: Enabled (32-bit)
 Heap Region Size: 1M
 Heap Min Capacity: 8M
 Heap Initial Capacity: 96M
 Heap Max Capacity: 1G
 Pre-touch: Disabled
 Parallel Workers: 8
 Concurrent Workers: 2
 Concurrent Refinement Workers: 8
 Periodic GC: Disabled
Heap:
 garbage-first heap   total 102400K, used 40326K [0x00000000c0000000, 0x0000000100000000)
  region size 1024K, 1 young (1024K), 0 survivors (0K)
 Metaspace       used 61934K, committed 62464K, reserved 1114112K
  class space    used 7766K, committed 8000K, reserved 1048576K
GC Heap History (20 events):
Event: 92125.303 GC heap before
{Heap before GC invocations=3562 (full 3324):
 garbage-first heap   total 102400K, used 40326K [0x00000000c0000000, 0x0000000100000000)
  region size 1024K, 1 young (1024K), 0 survivors (0K)
 Metaspace       used 61934K, committed 62464K, reserved 1114112K
  class space    used 7766K, committed 8000K, reserved 1048576K
}
Event: 92125.390 GC heap after
{Heap after GC invocations=3563 (full 3325):
 garbage-first heap   total 102400K, used 40326K [0x00000000c0000000, 0x0000000100000000)
  region size 1024K, 0 young (0K), 0 survivors (0K)
 Metaspace       used 61934K, committed 62464K, reserved 1114112K
  class space    used 7766K, committed 8000K, reserved 1048576K
}
Event: 92136.519 GC heap before
{Heap before GC invocations=3563 (full 3325):
 garbage-first heap   total 102400K, used 40326K [0x00000000c0000000, 0x0000000100000000)
  region size 1024K, 1 young (1024K), 0 survivors (0K)
 Metaspace       used 61934K, committed 62464K, reserved 1114112K
  class space    used 7766K, committed 8000K, reserved 1048576K
}
Event: 92136.605 GC heap after
{Heap after GC invocations=3564 (full 3326):
 garbage-first heap   total 102400K, used 40326K [0x00000000c0000000, 0x0000000100000000)
  region size 1024K, 0 young (0K), 0 survivors (0K)
 Metaspace       used 61934K, committed 62464K, reserved 1114112K
  class space    used 7766K, committed 8000K, reserved 1048576K
}
Event: 92149.460 GC heap before
{Heap before GC invocations=3564 (full 3326):
 garbage-first heap   total 102400K, used 40326K [0x00000000c0000000, 0x0000000100000000)
  region size 1024K, 1 young (1024K), 0 survivors (0K)
 Metaspace       used 61934K, committed 62464K, reserved 1114112K
  class space    used 7766K, committed 8000K, reserved 1048576K
}
Event: 92149.549 GC heap after
{Heap after GC invocations=3565 (full 3327):
 garbage-first heap   total 102400K, used 40326K [0x00000000c0000000, 0x0000000100000000)
  region size 1024K, 0 young (0K), 0 survivors (0K)
 Metaspace       used 61934K, committed 62464K, reserved 1114112K
  class space    used 7766K, committed 8000K, reserved 1048576K
}
Event: 92160.682 GC heap before
{Heap before GC invocations=3565 (full 3327):
 garbage-first heap   total 102400K, used 40326K [0x00000000c0000000, 0x0000000100000000)
  region size 1024K, 1 young (1024K), 0 survivors (0K)
 Metaspace       used 61934K, committed 62464K, reserved 1114112K
  class space    used 7766K, committed 8000K, reserved 1048576K
}
Event: 92160.764 GC heap after
{Heap after GC invocations=3566 (full 3328):
 garbage-first heap   total 102400K, used 40326K [0x00000000c0000000, 0x0000000100000000)
  region size 1024K, 0 young (0K), 0 survivors (0K)
 Metaspace       used 61934K, committed 62464K, reserved 1114112K
  class space    used 7766K, committed 8000K, reserved 1048576K
}
Event: 92171.404 GC heap before
{Heap before GC invocations=3566 (full 3328):
 garbage-first heap   total 102400K, used 40326K [0x00000000c0000000, 0x0000000100000000)
  region size 1024K, 1 young (1024K), 0 survivors (0K)
 Metaspace       used 61934K, committed 62464K, reserved 1114112K
  class space    used 7766K, committed 8000K, reserved 1048576K
}
Event: 92171.454 GC heap after
{Heap after GC invocations=3567 (full 3329):
 garbage-first heap   total 102400K, used 40326K [0x00000000c0000000, 0x0000000100000000)
  region size 1024K, 0 young (0K), 0 survivors (0K)
 Metaspace       used 61934K, committed 62464K, reserved 1114112K
  class space    used 7766K, committed 8000K, reserved 1048576K
}
Event: 92182.180 GC heap before
{Heap before GC invocations=3567 (full 3329):
 garbage-first heap   total 102400K, used 40326K [0x00000000c0000000, 0x0000000100000000)
  region size 1024K, 1 young (1024K), 0 survivors (0K)
 Metaspace       used 61934K, committed 62464K, reserved 1114112K
  class space    used 7766K, committed 8000K, reserved 1048576K
}
Event: 92182.281 GC heap after
{Heap after GC invocations=3568 (full 3330):
 garbage-first heap   total 102400K, used 40326K [0x00000000c0000000, 0x0000000100000000)
  region size 1024K, 0 young (0K), 0 survivors (0K)
 Metaspace       used 61934K, committed 62464K, reserved 1114112K
  class space    used 7766K, committed 8000K, reserved 1048576K
}
Event: 92192.989 GC heap before
{Heap before GC invocations=3568 (full 3330):
 garbage-first heap   total 102400K, used 40326K [0x00000000c0000000, 0x0000000100000000)
  region size 1024K, 1 young (1024K), 0 survivors (0K)
 Metaspace       used 61934K, committed 62464K, reserved 1114112K
  class space    used 7766K, committed 8000K, reserved 1048576K
}
Event: 92193.048 GC heap after
{Heap after GC invocations=3569 (full 3331):
 garbage-first heap   total 102400K, used 40326K [0x00000000c0000000, 0x0000000100000000)
  region size 1024K, 0 young (0K), 0 survivors (0K)
 Metaspace       used 61934K, committed 62464K, reserved 1114112K
  class space    used 7766K, committed 8000K, reserved 1048576K
}
Event: 92203.909 GC heap before
{Heap before GC invocations=3569 (full 3331):
 garbage-first heap   total 102400K, used 40326K [0x00000000c0000000, 0x0000000100000000)
  region size 1024K, 1 young (1024K), 0 survivors (0K)
 Metaspace       used 61934K, committed 62464K, reserved 1114112K
  class space    used 7766K, committed 8000K, reserved 1048576K
}
Event: 92203.975 GC heap after
{Heap after GC invocations=3570 (full 3332):
 garbage-first heap   total 102400K, used 40326K [0x00000000c0000000, 0x0000000100000000)
  region size 1024K, 0 young (0K), 0 survivors (0K)
 Metaspace       used 61934K, committed 62464K, reserved 1114112K
  class space    used 7766K, committed 8000K, reserved 1048576K
}
Event: 92214.934 GC heap before
{Heap before GC invocations=3570 (full 3332):
 garbage-first heap   total 102400K, used 40326K [0x00000000c0000000, 0x0000000100000000)
  region size 1024K, 1 young (1024K), 0 survivors (0K)
 Metaspace       used 61934K, committed 62464K, reserved 1114112K
  class space    used 7766K, committed 8000K, reserved 1048576K
}
Event: 92215.025 GC heap after
{Heap after GC invocations=3571 (full 3333):
 garbage-first heap   total 102400K, used 40326K [0x00000000c0000000, 0x0000000100000000)
  region size 1024K, 0 young (0K), 0 survivors (0K)
 Metaspace       used 61934K, committed 62464K, reserved 1114112K
  class space    used 7766K, committed 8000K, reserved 1048576K
}
Event: 92228.016 GC heap before
{Heap before GC invocations=3571 (full 3333):
 garbage-first heap   total 102400K, used 40326K [0x00000000c0000000, 0x0000000100000000)
  region size 1024K, 1 young (1024K), 0 survivors (0K)
 Metaspace       used 61934K, committed 62464K, reserved 1114112K
  class space    used 7766K, committed 8000K, reserved 1048576K
}
Event: 92228.141 GC heap after
{Heap after GC invocations=3572 (full 3334):
 garbage-first heap   total 102400K, used 40326K [0x00000000c0000000, 0x0000000100000000)
  region size 1024K, 0 young (0K), 0 survivors (0K)
 Metaspace       used 61934K, committed 62464K, reserved 1114112K
  class space    used 7766K, committed 8000K, reserved 1048576K
}

